+ YAML=opencood/hypes_yaml/dairv2x/lidar_only/pointpillar_pdd_distillation_v2xdgpe.yaml
+ modeldir=opencood/logs/v2x_dgpe_student
+ FUSION=intermediate
+ true
+ PORT=39355
++ nc -z 127.0.0.1 39355
++ echo 1
+ status=1
+ '[' 1 '!=' 0 ']'
+ break
+ echo 39355
39355
+ python opencood/tools/train_w_kd.py -y opencood/hypes_yaml/dairv2x/lidar_only/pointpillar_pdd_distillation_v2xdgpe.yaml --model_dir opencood/logs/v2x_dgpe_student --fusion_method intermediate
Traceback (most recent call last):
  File "opencood/tools/train_w_kd.py", line 18, in <module>
    from opencood.data_utils.datasets import build_dataset
  File "/home/wangsichao/v2x-dgpe/opencood/data_utils/datasets/__init__.py", line 1, in <module>
    from opencood.data_utils.datasets.late_fusion_dataset import getLateFusionDataset
  File "/home/wangsichao/v2x-dgpe/opencood/data_utils/datasets/late_fusion_dataset.py", line 14, in <module>
    from opencood.data_utils.post_processor import build_postprocessor
  File "/home/wangsichao/v2x-dgpe/opencood/data_utils/post_processor/__init__.py", line 5, in <module>
    from opencood.data_utils.post_processor.voxel_postprocessor import VoxelPostprocessor
  File "/home/wangsichao/v2x-dgpe/opencood/data_utils/post_processor/voxel_postprocessor.py", line 21, in <module>
    from opencood.visualization import vis_utils
  File "/home/wangsichao/v2x-dgpe/opencood/visualization/vis_utils.py", line 10, in <module>
    import matplotlib
  File "/home/wangsichao/miniconda3/envs/coalign/lib/python3.7/site-packages/matplotlib/__init__.py", line 109, in <module>
    from . import _api, _version, cbook, docstring, rcsetup
  File "/home/wangsichao/miniconda3/envs/coalign/lib/python3.7/site-packages/matplotlib/rcsetup.py", line 27, in <module>
    from matplotlib.colors import Colormap, is_color_like
  File "/home/wangsichao/miniconda3/envs/coalign/lib/python3.7/site-packages/matplotlib/colors.py", line 56, in <module>
    from matplotlib import _api, cbook, scale
  File "/home/wangsichao/miniconda3/envs/coalign/lib/python3.7/site-packages/matplotlib/scale.py", line 23, in <module>
    from matplotlib.ticker import (
  File "/home/wangsichao/miniconda3/envs/coalign/lib/python3.7/site-packages/matplotlib/ticker.py", line 1891, in <module>
    class _Edge_integer:
KeyboardInterrupt
